0 info it worked if it ends with ok
1 verbose cli [ '/usr/local/bin/node',
1 verbose cli   '/usr/local/bin/npm',
1 verbose cli   'install',
1 verbose cli   '-g',
1 verbose cli   'nodemon' ]
2 info using npm@2.14.12
3 info using node@v4.2.6
4 verbose install initial load of /usr/local/lib/package.json
5 verbose readDependencies loading dependencies from /usr/local/lib/package.json
6 silly cache add args [ 'nodemon', null ]
7 verbose cache add spec nodemon
8 silly cache add parsed spec Result {
8 silly cache add   raw: 'nodemon',
8 silly cache add   scope: null,
8 silly cache add   name: 'nodemon',
8 silly cache add   rawSpec: '',
8 silly cache add   spec: 'latest',
8 silly cache add   type: 'tag' }
9 silly addNamed nodemon@latest
10 verbose addNamed "latest" is being treated as a dist-tag for nodemon
11 info addNameTag [ 'nodemon', 'latest' ]
12 silly mapToRegistry name nodemon
13 silly mapToRegistry using default registry
14 silly mapToRegistry registry https://registry.npmjs.org/
15 silly mapToRegistry uri https://registry.npmjs.org/nodemon
16 verbose addNameTag registry:https://registry.npmjs.org/nodemon not in flight; fetching
17 verbose request uri https://registry.npmjs.org/nodemon
18 verbose request no auth needed
19 info attempt registry request try #1 at 1:19:01 AM
20 verbose request id c62a78d8811672d5
21 verbose etag "6O82NKM9A0D83DA0MIDTVSS6J"
22 http request GET https://registry.npmjs.org/nodemon
23 http 200 https://registry.npmjs.org/nodemon
24 verbose headers { server: 'CouchDB/1.5.0 (Erlang OTP/R16B03)',
24 verbose headers   etag: '"AJFGEMQ6G0IPQS2HG8CM18GKX"',
24 verbose headers   'content-type': 'application/json',
24 verbose headers   'content-encoding': 'gzip',
24 verbose headers   'cache-control': 'max-age=300',
24 verbose headers   'content-length': '23384',
24 verbose headers   'accept-ranges': 'bytes',
24 verbose headers   date: 'Fri, 24 Jun 2016 05:19:01 GMT',
24 verbose headers   via: '1.1 varnish',
24 verbose headers   age: '187',
24 verbose headers   connection: 'keep-alive',
24 verbose headers   'x-served-by': 'cache-dfw1833-DFW',
24 verbose headers   'x-cache': 'HIT',
24 verbose headers   'x-cache-hits': '1',
24 verbose headers   'x-timer': 'S1466745541.887875,VS0,VE0',
24 verbose headers   vary: 'Accept-Encoding' }
25 silly get cb [ 200,
25 silly get   { server: 'CouchDB/1.5.0 (Erlang OTP/R16B03)',
25 silly get     etag: '"AJFGEMQ6G0IPQS2HG8CM18GKX"',
25 silly get     'content-type': 'application/json',
25 silly get     'content-encoding': 'gzip',
25 silly get     'cache-control': 'max-age=300',
25 silly get     'content-length': '23384',
25 silly get     'accept-ranges': 'bytes',
25 silly get     date: 'Fri, 24 Jun 2016 05:19:01 GMT',
25 silly get     via: '1.1 varnish',
25 silly get     age: '187',
25 silly get     connection: 'keep-alive',
25 silly get     'x-served-by': 'cache-dfw1833-DFW',
25 silly get     'x-cache': 'HIT',
25 silly get     'x-cache-hits': '1',
25 silly get     'x-timer': 'S1466745541.887875,VS0,VE0',
25 silly get     vary: 'Accept-Encoding' } ]
26 verbose get saving nodemon to /Users/abobakrabedelmalik/.npm/registry.npmjs.org/nodemon/.cache.json
27 silly addNameTag next cb for nodemon with tag latest
28 silly addNamed nodemon@1.9.2
29 verbose addNamed "1.9.2" is a plain semver version for nodemon
30 silly cache afterAdd nodemon@1.9.2
31 verbose afterAdd /Users/abobakrabedelmalik/.npm/nodemon/1.9.2/package/package.json not in flight; writing
32 verbose afterAdd /Users/abobakrabedelmalik/.npm/nodemon/1.9.2/package/package.json written
33 silly install resolved [ { name: 'nodemon',
33 silly install resolved     homepage: 'http://nodemon.io',
33 silly install resolved     author: { name: 'Remy Sharp', url: 'http://github.com/remy' },
33 silly install resolved     bin: { nodemon: './bin/nodemon.js' },
33 silly install resolved     engines: { node: '>=0.8' },
33 silly install resolved     repository: { type: 'git', url: 'git+https://github.com/remy/nodemon.git' },
33 silly install resolved     description: 'Simple monitor script for use during development of a node.js app.',
33 silly install resolved     keywords:
33 silly install resolved      [ 'monitor',
33 silly install resolved        'development',
33 silly install resolved        'restart',
33 silly install resolved        'autoload',
33 silly install resolved        'reload',
33 silly install resolved        'terminal' ],
33 silly install resolved     license: 'MIT',
33 silly install resolved     main: './lib/nodemon',
33 silly install resolved     scripts:
33 silly install resolved      { coverage: 'istanbul cover _mocha -- --timeout 30000 --ui bdd --reporter list test/**/*.test.js',
33 silly install resolved        lint: 'jscs lib/**/*.js -v',
33 silly install resolved        ':spec': 'mocha --timeout 30000 --ui bdd test/**/*.test.js',
33 silly install resolved        test: 'npm run lint && npm run spec',
33 silly install resolved        spec: 'for FILE in test/**/*.test.js; do echo $FILE; ./node_modules/.bin/mocha --timeout 30000 $FILE; if [ $? -ne 0 ]; then exit 1; fi; sleep 1; done',
33 silly install resolved        web: 'node web',
33 silly install resolved        'semantic-release': 'semantic-release pre && npm publish && semantic-release post' },
33 silly install resolved     devDependencies:
33 silly install resolved      { async: '1.4.2',
33 silly install resolved        'coffee-script': '~1.7.1',
33 silly install resolved        connect: '~2.19.1',
33 silly install resolved        istanbul: '~0.2.10',
33 silly install resolved        jscs: '2.1.1',
33 silly install resolved        mocha: '2.3.3',
33 silly install resolved        should: '~4.0.0',
33 silly install resolved        'semantic-release': '4.3.5' },
33 silly install resolved     dependencies:
33 silly install resolved      { chokidar: '^1.4.3',
33 silly install resolved        debug: '^2.2.0',
33 silly install resolved        'es6-promise': '^3.0.2',
33 silly install resolved        'ignore-by-default': '^1.0.0',
33 silly install resolved        'lodash.defaults': '^3.1.2',
33 silly install resolved        minimatch: '^3.0.0',
33 silly install resolved        'ps-tree': '^1.0.1',
33 silly install resolved        touch: '1.0.0',
33 silly install resolved        undefsafe: '0.0.3',
33 silly install resolved        'update-notifier': '0.5.0' },
33 silly install resolved     version: '1.9.2',
33 silly install resolved     gitHead: 'ceadfb8e919603b67a39f8528bb6914f8b92f1d7',
33 silly install resolved     bugs: { url: 'https://github.com/remy/nodemon/issues' },
33 silly install resolved     _id: 'nodemon@1.9.2',
33 silly install resolved     _shasum: '21b3cd157d5483833b473372c98e1795a4d55970',
33 silly install resolved     _from: 'nodemon@latest',
33 silly install resolved     _npmVersion: '2.15.4',
33 silly install resolved     _nodeVersion: '6.0.0',
33 silly install resolved     _npmUser: { name: 'remy', email: 'remy@leftlogic.com' },
33 silly install resolved     dist:
33 silly install resolved      { shasum: '21b3cd157d5483833b473372c98e1795a4d55970',
33 silly install resolved        tarball: 'https://registry.npmjs.org/nodemon/-/nodemon-1.9.2.tgz' },
33 silly install resolved     maintainers: [ [Object] ],
33 silly install resolved     _npmOperationalInternal:
33 silly install resolved      { host: 'packages-16-east.internal.npmjs.com',
33 silly install resolved        tmp: 'tmp/nodemon-1.9.2.tgz_1461962060119_0.3160424646921456' },
33 silly install resolved     directories: {},
33 silly install resolved     _resolved: 'https://registry.npmjs.org/nodemon/-/nodemon-1.9.2.tgz',
33 silly install resolved     readme: 'ERROR: No README data found!' } ]
34 info install nodemon@1.9.2 into /usr/local/lib
35 info installOne nodemon@1.9.2
36 verbose installOne of nodemon to /usr/local/lib not in flight; installing
37 verbose lock using /Users/abobakrabedelmalik/.npm/_locks/nodemon-49f7ed19e778991e.lock for /usr/local/lib/node_modules/nodemon
38 silly install write writing nodemon 1.9.2 to /usr/local/lib/node_modules/nodemon
39 verbose unbuild lib/node_modules/nodemon
40 silly gentlyRm /usr/local/lib/node_modules/nodemon is being purged from base /usr/local
41 verbose gentlyRm don't care about contents; nuking /usr/local/lib/node_modules/nodemon
42 verbose tar unpack /Users/abobakrabedelmalik/.npm/nodemon/1.9.2/package.tgz
43 verbose tar unpacking to /usr/local/lib/node_modules/nodemon
44 silly gentlyRm /usr/local/lib/node_modules/nodemon is being purged
45 verbose gentlyRm don't care about contents; nuking /usr/local/lib/node_modules/nodemon
46 silly gunzTarPerm modes [ '755', '644' ]
47 error tar.unpack untar error /Users/abobakrabedelmalik/.npm/nodemon/1.9.2/package.tgz
48 verbose unlock done using /Users/abobakrabedelmalik/.npm/_locks/nodemon-49f7ed19e778991e.lock for /usr/local/lib/node_modules/nodemon
49 verbose fstream_path /usr/local/lib/node_modules/nodemon
50 verbose fstream_type Directory
51 verbose fstream_class DirWriter
52 verbose stack Error: EACCES: permission denied, mkdir '/usr/local/lib/node_modules/nodemon'
52 verbose stack     at Error (native)
53 verbose fstream_stack /usr/local/lib/node_modules/npm/node_modules/fstream/lib/dir-writer.js:35:25
53 verbose fstream_stack /usr/local/lib/node_modules/npm/node_modules/mkdirp/index.js:47:53
53 verbose fstream_stack FSReqWrap.oncomplete (fs.js:82:15)
54 verbose cwd /Users/abobakrabedelmalik/Documents/MosqueView
55 error Darwin 15.0.0
56 error argv "/usr/local/bin/node" "/usr/local/bin/npm" "install" "-g" "nodemon"
57 error node v4.2.6
58 error npm  v2.14.12
59 error path /usr/local/lib/node_modules/nodemon
60 error code EACCES
61 error errno -13
62 error syscall mkdir
63 error Error: EACCES: permission denied, mkdir '/usr/local/lib/node_modules/nodemon'
63 error     at Error (native)
63 error  { [Error: EACCES: permission denied, mkdir '/usr/local/lib/node_modules/nodemon']
63 error   errno: -13,
63 error   code: 'EACCES',
63 error   syscall: 'mkdir',
63 error   path: '/usr/local/lib/node_modules/nodemon',
63 error   fstream_type: 'Directory',
63 error   fstream_path: '/usr/local/lib/node_modules/nodemon',
63 error   fstream_class: 'DirWriter',
63 error   fstream_stack:
63 error    [ '/usr/local/lib/node_modules/npm/node_modules/fstream/lib/dir-writer.js:35:25',
63 error      '/usr/local/lib/node_modules/npm/node_modules/mkdirp/index.js:47:53',
63 error      'FSReqWrap.oncomplete (fs.js:82:15)' ] }
64 error Please try running this command again as root/Administrator.
65 verbose exit [ -13, true ]
66 verbose unbuild lib/node_modules/nodemon
67 silly gentlyRm /usr/local/lib/node_modules/nodemon is being purged from base /usr/local
68 verbose gentlyRm don't care about contents; nuking /usr/local/lib/node_modules/nodemon
